Build started 30/4/2015 4:12:04 PM.
     1>Project "C:\Users\Ben\Documents\Visual Studio 2012\Projects\ProjectStanley\ProjectStanley\ProjectStanley.vcxproj" on node 2 (Build target(s)).
     1>ClCompile:
         C:\Program Files (x86)\Microsoft Visual Studio 11.0\VC\bin\CL.exe /c /I"C:\Users\Ben\Documents\Visual Studio 2012\SFML-2.1\include" /ZI /nologo- /W3 /WX- /Od /Oy- /D SFML_STATIC /D _MBCS /D _MBCS /Gm /EHsc /RTC1 /MDd /GS /fp:precise /Zc:wchar_t /Zc:forScope /Fo"Debug\\" /Fd"Debug\vc110.pdb" /Gd /TP /analyze- /errorReport:prompt GameScreen.cpp Level.cpp MenuScreen.cpp
         Microsoft (R) C/C++ Optimizing Compiler Version 17.00.50727.1 for x86
         Copyright (C) Microsoft Corporation.  All rights reserved.
         
         cl /c /I"C:\Users\Ben\Documents\Visual Studio 2012\SFML-2.1\include" /ZI /nologo- /W3 /WX- /Od /Oy- /D SFML_STATIC /D _MBCS /D _MBCS /Gm /EHsc /RTC1 /MDd /GS /fp:precise /Zc:wchar_t /Zc:forScope /Fo"Debug\\" /Fd"Debug\vc110.pdb" /Gd /TP /analyze- /errorReport:prompt GameScreen.cpp Level.cpp MenuScreen.cpp
     1>cl : Command line warning D9035: option 'nologo-' has been deprecated and will be removed in a future release
         
         Level.cpp
     1>c:\users\ben\documents\visual studio 2012\projects\projectstanley\projectstanley\level.cpp(6): warning C4244: 'argument' : conversion from 'time_t' to 'unsigned int', possible loss of data
     1>c:\users\ben\documents\visual studio 2012\projects\projectstanley\projectstanley\level.cpp(133): warning C4244: 'argument' : conversion from 'int' to 'float', possible loss of data
     1>c:\users\ben\documents\visual studio 2012\projects\projectstanley\projectstanley\level.cpp(145): warning C4244: 'argument' : conversion from 'int' to 'float', possible loss of data
     1>c:\users\ben\documents\visual studio 2012\projects\projectstanley\projectstanley\level.cpp(155): warning C4244: 'argument' : conversion from 'int' to 'float', possible loss of data
     1>c:\users\ben\documents\visual studio 2012\projects\projectstanley\projectstanley\level.cpp(165): warning C4244: 'argument' : conversion from 'int' to 'float', possible loss of data
         GameScreen.cpp
         Generating Code...
         Skipping... (no relevant changes detected)
         MenuScreen.cpp
       Link:
         C:\Program Files (x86)\Microsoft Visual Studio 11.0\VC\bin\link.exe /ERRORREPORT:PROMPT /OUT:"C:\Users\Ben\Documents\Visual Studio 2012\Projects\ProjectStanley\Debug\ProjectStanley.exe" /INCREMENTAL /NOLOGO /LIBPATH:"C:\Users\Ben\Documents\Visual Studio 2012\SFML-2.1\lib" "sfml-window-s-d.lib" "sfml-graphics-s-d.lib" "sfml-system-s-d.lib" kernel32.lib user32.lib gdi32.lib winspool.lib comdlg32.lib advapi32.lib shell32.lib ole32.lib oleaut32.lib uuid.lib odbc32.lib odbccp32.lib kernel32.lib user32.lib gdi32.lib winspool.lib comdlg32.lib advapi32.lib shell32.lib ole32.lib oleaut32.lib uuid.lib odbc32.lib odbccp32.lib /MANIFEST /MANIFESTUAC:"level='asInvoker' uiAccess='false'" /manifest:embed /DEBUG /PDB:"C:\Users\Ben\Documents\Visual Studio 2012\Projects\ProjectStanley\Debug\ProjectStanley.pdb" /TLBID:1 /DYNAMICBASE /NXCOMPAT /IMPLIB:"C:\Users\Ben\Documents\Visual Studio 2012\Projects\ProjectStanley\Debug\ProjectStanley.lib" /MACHINE:X86 Debug\ActionList.obj
         Debug\Entity.obj
         Debug\Game.obj
         Debug\GameScreen.obj
         Debug\Level.obj
         Debug\main.obj
         Debug\Map.obj
         Debug\MenuScreen.obj
         Debug\Screen.obj
         Debug\SplashScreen.obj
     1>sfml-window-s-d.lib(Context.cpp.obj) : warning LNK4099: PDB 'sfml-window-s-d.pdb' was not found with 'sfml-window-s-d.lib(Context.cpp.obj)' or at 'C:\Users\Ben\Documents\Visual Studio 2012\Projects\ProjectStanley\Debug\sfml-window-s-d.pdb'; linking object as if no debug info
     1>sfml-window-s-d.lib(GlContext.cpp.obj) : warning LNK4099: PDB 'sfml-window-s-d.pdb' was not found with 'sfml-window-s-d.lib(GlContext.cpp.obj)' or at 'C:\Users\Ben\Documents\Visual Studio 2012\Projects\ProjectStanley\Debug\sfml-window-s-d.pdb'; linking object as if no debug info
     1>sfml-window-s-d.lib(GlResource.cpp.obj) : warning LNK4099: PDB 'sfml-window-s-d.pdb' was not found with 'sfml-window-s-d.lib(GlResource.cpp.obj)' or at 'C:\Users\Ben\Documents\Visual Studio 2012\Projects\ProjectStanley\Debug\sfml-window-s-d.pdb'; linking object as if no debug info
     1>sfml-window-s-d.lib(JoystickManager.cpp.obj) : warning LNK4099: PDB 'sfml-window-s-d.pdb' was not found with 'sfml-window-s-d.lib(JoystickManager.cpp.obj)' or at 'C:\Users\Ben\Documents\Visual Studio 2012\Projects\ProjectStanley\Debug\sfml-window-s-d.pdb'; linking object as if no debug info
     1>sfml-window-s-d.lib(Keyboard.cpp.obj) : warning LNK4099: PDB 'sfml-window-s-d.pdb' was not found with 'sfml-window-s-d.lib(Keyboard.cpp.obj)' or at 'C:\Users\Ben\Documents\Visual Studio 2012\Projects\ProjectStanley\Debug\sfml-window-s-d.pdb'; linking object as if no debug info
     1>sfml-window-s-d.lib(VideoMode.cpp.obj) : warning LNK4099: PDB 'sfml-window-s-d.pdb' was not found with 'sfml-window-s-d.lib(VideoMode.cpp.obj)' or at 'C:\Users\Ben\Documents\Visual Studio 2012\Projects\ProjectStanley\Debug\sfml-window-s-d.pdb'; linking object as if no debug info
     1>sfml-window-s-d.lib(Window.cpp.obj) : warning LNK4099: PDB 'sfml-window-s-d.pdb' was not found with 'sfml-window-s-d.lib(Window.cpp.obj)' or at 'C:\Users\Ben\Documents\Visual Studio 2012\Projects\ProjectStanley\Debug\sfml-window-s-d.pdb'; linking object as if no debug info
     1>sfml-window-s-d.lib(WindowImpl.cpp.obj) : warning LNK4099: PDB 'sfml-window-s-d.pdb' was not found with 'sfml-window-s-d.lib(WindowImpl.cpp.obj)' or at 'C:\Users\Ben\Documents\Visual Studio 2012\Projects\ProjectStanley\Debug\sfml-window-s-d.pdb'; linking object as if no debug info
     1>sfml-window-s-d.lib(WglContext.cpp.obj) : warning LNK4099: PDB 'sfml-window-s-d.pdb' was not found with 'sfml-window-s-d.lib(WglContext.cpp.obj)' or at 'C:\Users\Ben\Documents\Visual Studio 2012\Projects\ProjectStanley\Debug\sfml-window-s-d.pdb'; linking object as if no debug info
     1>sfml-window-s-d.lib(InputImpl.cpp.obj) : warning LNK4099: PDB 'sfml-window-s-d.pdb' was not found with 'sfml-window-s-d.lib(InputImpl.cpp.obj)' or at 'C:\Users\Ben\Documents\Visual Studio 2012\Projects\ProjectStanley\Debug\sfml-window-s-d.pdb'; linking object as if no debug info
     1>sfml-window-s-d.lib(JoystickImpl.cpp.obj) : warning LNK4099: PDB 'sfml-window-s-d.pdb' was not found with 'sfml-window-s-d.lib(JoystickImpl.cpp.obj)' or at 'C:\Users\Ben\Documents\Visual Studio 2012\Projects\ProjectStanley\Debug\sfml-window-s-d.pdb'; linking object as if no debug info
     1>sfml-window-s-d.lib(VideoModeImpl.cpp.obj) : warning LNK4099: PDB 'sfml-window-s-d.pdb' was not found with 'sfml-window-s-d.lib(VideoModeImpl.cpp.obj)' or at 'C:\Users\Ben\Documents\Visual Studio 2012\Projects\ProjectStanley\Debug\sfml-window-s-d.pdb'; linking object as if no debug info
     1>sfml-window-s-d.lib(WindowImplWin32.cpp.obj) : warning LNK4099: PDB 'sfml-window-s-d.pdb' was not found with 'sfml-window-s-d.lib(WindowImplWin32.cpp.obj)' or at 'C:\Users\Ben\Documents\Visual Studio 2012\Projects\ProjectStanley\Debug\sfml-window-s-d.pdb'; linking object as if no debug info
     1>sfml-graphics-s-d.lib(Color.cpp.obj) : warning LNK4099: PDB 'sfml-graphics-s-d.pdb' was not found with 'sfml-graphics-s-d.lib(Color.cpp.obj)' or at 'C:\Users\Ben\Documents\Visual Studio 2012\Projects\ProjectStanley\Debug\sfml-graphics-s-d.pdb'; linking object as if no debug info
     1>sfml-graphics-s-d.lib(Font.cpp.obj) : warning LNK4099: PDB 'sfml-graphics-s-d.pdb' was not found with 'sfml-graphics-s-d.lib(Font.cpp.obj)' or at 'C:\Users\Ben\Documents\Visual Studio 2012\Projects\ProjectStanley\Debug\sfml-graphics-s-d.pdb'; linking object as if no debug info
     1>sfml-graphics-s-d.lib(GLCheck.cpp.obj) : warning LNK4099: PDB 'sfml-graphics-s-d.pdb' was not found with 'sfml-graphics-s-d.lib(GLCheck.cpp.obj)' or at 'C:\Users\Ben\Documents\Visual Studio 2012\Projects\ProjectStanley\Debug\sfml-graphics-s-d.pdb'; linking object as if no debug info
     1>sfml-graphics-s-d.lib(Image.cpp.obj) : warning LNK4099: PDB 'sfml-graphics-s-d.pdb' was not found with 'sfml-graphics-s-d.lib(Image.cpp.obj)' or at 'C:\Users\Ben\Documents\Visual Studio 2012\Projects\ProjectStanley\Debug\sfml-graphics-s-d.pdb'; linking object as if no debug info
     1>sfml-graphics-s-d.lib(ImageLoader.cpp.obj) : warning LNK4099: PDB 'sfml-graphics-s-d.pdb' was not found with 'sfml-graphics-s-d.lib(ImageLoader.cpp.obj)' or at 'C:\Users\Ben\Documents\Visual Studio 2012\Projects\ProjectStanley\Debug\sfml-graphics-s-d.pdb'; linking object as if no debug info
     1>sfml-graphics-s-d.lib(RenderStates.cpp.obj) : warning LNK4099: PDB 'sfml-graphics-s-d.pdb' was not found with 'sfml-graphics-s-d.lib(RenderStates.cpp.obj)' or at 'C:\Users\Ben\Documents\Visual Studio 2012\Projects\ProjectStanley\Debug\sfml-graphics-s-d.pdb'; linking object as if no debug info
     1>sfml-graphics-s-d.lib(RenderTexture.cpp.obj) : warning LNK4099: PDB 'sfml-graphics-s-d.pdb' was not found with 'sfml-graphics-s-d.lib(RenderTexture.cpp.obj)' or at 'C:\Users\Ben\Documents\Visual Studio 2012\Projects\ProjectStanley\Debug\sfml-graphics-s-d.pdb'; linking object as if no debug info
     1>sfml-graphics-s-d.lib(RenderTarget.cpp.obj) : warning LNK4099: PDB 'sfml-graphics-s-d.pdb' was not found with 'sfml-graphics-s-d.lib(RenderTarget.cpp.obj)' or at 'C:\Users\Ben\Documents\Visual Studio 2012\Projects\ProjectStanley\Debug\sfml-graphics-s-d.pdb'; linking object as if no debug info
     1>sfml-graphics-s-d.lib(RenderWindow.cpp.obj) : warning LNK4099: PDB 'sfml-graphics-s-d.pdb' was not found with 'sfml-graphics-s-d.lib(RenderWindow.cpp.obj)' or at 'C:\Users\Ben\Documents\Visual Studio 2012\Projects\ProjectStanley\Debug\sfml-graphics-s-d.pdb'; linking object as if no debug info
     1>sfml-graphics-s-d.lib(Shader.cpp.obj) : warning LNK4099: PDB 'sfml-graphics-s-d.pdb' was not found with 'sfml-graphics-s-d.lib(Shader.cpp.obj)' or at 'C:\Users\Ben\Documents\Visual Studio 2012\Projects\ProjectStanley\Debug\sfml-graphics-s-d.pdb'; linking object as if no debug info
     1>sfml-graphics-s-d.lib(Texture.cpp.obj) : warning LNK4099: PDB 'sfml-graphics-s-d.pdb' was not found with 'sfml-graphics-s-d.lib(Texture.cpp.obj)' or at 'C:\Users\Ben\Documents\Visual Studio 2012\Projects\ProjectStanley\Debug\sfml-graphics-s-d.pdb'; linking object as if no debug info
     1>sfml-graphics-s-d.lib(TextureSaver.cpp.obj) : warning LNK4099: PDB 'sfml-graphics-s-d.pdb' was not found with 'sfml-graphics-s-d.lib(TextureSaver.cpp.obj)' or at 'C:\Users\Ben\Documents\Visual Studio 2012\Projects\ProjectStanley\Debug\sfml-graphics-s-d.pdb'; linking object as if no debug info
     1>sfml-graphics-s-d.lib(Transform.cpp.obj) : warning LNK4099: PDB 'sfml-graphics-s-d.pdb' was not found with 'sfml-graphics-s-d.lib(Transform.cpp.obj)' or at 'C:\Users\Ben\Documents\Visual Studio 2012\Projects\ProjectStanley\Debug\sfml-graphics-s-d.pdb'; linking object as if no debug info
     1>sfml-graphics-s-d.lib(Transformable.cpp.obj) : warning LNK4099: PDB 'sfml-graphics-s-d.pdb' was not found with 'sfml-graphics-s-d.lib(Transformable.cpp.obj)' or at 'C:\Users\Ben\Documents\Visual Studio 2012\Projects\ProjectStanley\Debug\sfml-graphics-s-d.pdb'; linking object as if no debug info
     1>sfml-graphics-s-d.lib(View.cpp.obj) : warning LNK4099: PDB 'sfml-graphics-s-d.pdb' was not found with 'sfml-graphics-s-d.lib(View.cpp.obj)' or at 'C:\Users\Ben\Documents\Visual Studio 2012\Projects\ProjectStanley\Debug\sfml-graphics-s-d.pdb'; linking object as if no debug info
     1>sfml-graphics-s-d.lib(Vertex.cpp.obj) : warning LNK4099: PDB 'sfml-graphics-s-d.pdb' was not found with 'sfml-graphics-s-d.lib(Vertex.cpp.obj)' or at 'C:\Users\Ben\Documents\Visual Studio 2012\Projects\ProjectStanley\Debug\sfml-graphics-s-d.pdb'; linking object as if no debug info
     1>sfml-graphics-s-d.lib(Sprite.cpp.obj) : warning LNK4099: PDB 'sfml-graphics-s-d.pdb' was not found with 'sfml-graphics-s-d.lib(Sprite.cpp.obj)' or at 'C:\Users\Ben\Documents\Visual Studio 2012\Projects\ProjectStanley\Debug\sfml-graphics-s-d.pdb'; linking object as if no debug info
     1>sfml-graphics-s-d.lib(Text.cpp.obj) : warning LNK4099: PDB 'sfml-graphics-s-d.pdb' was not found with 'sfml-graphics-s-d.lib(Text.cpp.obj)' or at 'C:\Users\Ben\Documents\Visual Studio 2012\Projects\ProjectStanley\Debug\sfml-graphics-s-d.pdb'; linking object as if no debug info
     1>sfml-graphics-s-d.lib(VertexArray.cpp.obj) : warning LNK4099: PDB 'sfml-graphics-s-d.pdb' was not found with 'sfml-graphics-s-d.lib(VertexArray.cpp.obj)' or at 'C:\Users\Ben\Documents\Visual Studio 2012\Projects\ProjectStanley\Debug\sfml-graphics-s-d.pdb'; linking object as if no debug info
     1>sfml-graphics-s-d.lib(RenderTextureImpl.cpp.obj) : warning LNK4099: PDB 'sfml-graphics-s-d.pdb' was not found with 'sfml-graphics-s-d.lib(RenderTextureImpl.cpp.obj)' or at 'C:\Users\Ben\Documents\Visual Studio 2012\Projects\ProjectStanley\Debug\sfml-graphics-s-d.pdb'; linking object as if no debug info
     1>sfml-graphics-s-d.lib(RenderTextureImplFBO.cpp.obj) : warning LNK4099: PDB 'sfml-graphics-s-d.pdb' was not found with 'sfml-graphics-s-d.lib(RenderTextureImplFBO.cpp.obj)' or at 'C:\Users\Ben\Documents\Visual Studio 2012\Projects\ProjectStanley\Debug\sfml-graphics-s-d.pdb'; linking object as if no debug info
     1>sfml-graphics-s-d.lib(RenderTextureImplDefault.cpp.obj) : warning LNK4099: PDB 'sfml-graphics-s-d.pdb' was not found with 'sfml-graphics-s-d.lib(RenderTextureImplDefault.cpp.obj)' or at 'C:\Users\Ben\Documents\Visual Studio 2012\Projects\ProjectStanley\Debug\sfml-graphics-s-d.pdb'; linking object as if no debug info
     1>sfml-system-s-d.lib(Clock.cpp.obj) : warning LNK4099: PDB 'sfml-system-s-d.pdb' was not found with 'sfml-system-s-d.lib(Clock.cpp.obj)' or at 'C:\Users\Ben\Documents\Visual Studio 2012\Projects\ProjectStanley\Debug\sfml-system-s-d.pdb'; linking object as if no debug info
     1>sfml-system-s-d.lib(Err.cpp.obj) : warning LNK4099: PDB 'sfml-system-s-d.pdb' was not found with 'sfml-system-s-d.lib(Err.cpp.obj)' or at 'C:\Users\Ben\Documents\Visual Studio 2012\Projects\ProjectStanley\Debug\sfml-system-s-d.pdb'; linking object as if no debug info
     1>sfml-system-s-d.lib(Lock.cpp.obj) : warning LNK4099: PDB 'sfml-system-s-d.pdb' was not found with 'sfml-system-s-d.lib(Lock.cpp.obj)' or at 'C:\Users\Ben\Documents\Visual Studio 2012\Projects\ProjectStanley\Debug\sfml-system-s-d.pdb'; linking object as if no debug info
     1>sfml-system-s-d.lib(Mutex.cpp.obj) : warning LNK4099: PDB 'sfml-system-s-d.pdb' was not found with 'sfml-system-s-d.lib(Mutex.cpp.obj)' or at 'C:\Users\Ben\Documents\Visual Studio 2012\Projects\ProjectStanley\Debug\sfml-system-s-d.pdb'; linking object as if no debug info
     1>sfml-system-s-d.lib(Sleep.cpp.obj) : warning LNK4099: PDB 'sfml-system-s-d.pdb' was not found with 'sfml-system-s-d.lib(Sleep.cpp.obj)' or at 'C:\Users\Ben\Documents\Visual Studio 2012\Projects\ProjectStanley\Debug\sfml-system-s-d.pdb'; linking object as if no debug info
     1>sfml-system-s-d.lib(String.cpp.obj) : warning LNK4099: PDB 'sfml-system-s-d.pdb' was not found with 'sfml-system-s-d.lib(String.cpp.obj)' or at 'C:\Users\Ben\Documents\Visual Studio 2012\Projects\ProjectStanley\Debug\sfml-system-s-d.pdb'; linking object as if no debug info
     1>sfml-system-s-d.lib(ThreadLocal.cpp.obj) : warning LNK4099: PDB 'sfml-system-s-d.pdb' was not found with 'sfml-system-s-d.lib(ThreadLocal.cpp.obj)' or at 'C:\Users\Ben\Documents\Visual Studio 2012\Projects\ProjectStanley\Debug\sfml-system-s-d.pdb'; linking object as if no debug info
     1>sfml-system-s-d.lib(Time.cpp.obj) : warning LNK4099: PDB 'sfml-system-s-d.pdb' was not found with 'sfml-system-s-d.lib(Time.cpp.obj)' or at 'C:\Users\Ben\Documents\Visual Studio 2012\Projects\ProjectStanley\Debug\sfml-system-s-d.pdb'; linking object as if no debug info
     1>sfml-system-s-d.lib(ClockImpl.cpp.obj) : warning LNK4099: PDB 'sfml-system-s-d.pdb' was not found with 'sfml-system-s-d.lib(ClockImpl.cpp.obj)' or at 'C:\Users\Ben\Documents\Visual Studio 2012\Projects\ProjectStanley\Debug\sfml-system-s-d.pdb'; linking object as if no debug info
     1>sfml-system-s-d.lib(MutexImpl.cpp.obj) : warning LNK4099: PDB 'sfml-system-s-d.pdb' was not found with 'sfml-system-s-d.lib(MutexImpl.cpp.obj)' or at 'C:\Users\Ben\Documents\Visual Studio 2012\Projects\ProjectStanley\Debug\sfml-system-s-d.pdb'; linking object as if no debug info
     1>sfml-system-s-d.lib(SleepImpl.cpp.obj) : warning LNK4099: PDB 'sfml-system-s-d.pdb' was not found with 'sfml-system-s-d.lib(SleepImpl.cpp.obj)' or at 'C:\Users\Ben\Documents\Visual Studio 2012\Projects\ProjectStanley\Debug\sfml-system-s-d.pdb'; linking object as if no debug info
     1>sfml-system-s-d.lib(ThreadLocalImpl.cpp.obj) : warning LNK4099: PDB 'sfml-system-s-d.pdb' was not found with 'sfml-system-s-d.lib(ThreadLocalImpl.cpp.obj)' or at 'C:\Users\Ben\Documents\Visual Studio 2012\Projects\ProjectStanley\Debug\sfml-system-s-d.pdb'; linking object as if no debug info
         ProjectStanley.vcxproj -> C:\Users\Ben\Documents\Visual Studio 2012\Projects\ProjectStanley\Debug\ProjectStanley.exe
     1>Done Building Project "C:\Users\Ben\Documents\Visual Studio 2012\Projects\ProjectStanley\ProjectStanley\ProjectStanley.vcxproj" (Build target(s)).

Build succeeded.

Time Elapsed 00:00:03.07
